<?xml version="1.0" encoding="UTF-8"?>
<!-- Generated by org.testng.reporters.JUnitReportReporter -->
<testsuite hostname="sakoar1-w7" name="gitTest.myGitTest" tests="1" failures="0" timestamp="13 Aug 2015 15:40:39 GMT" time="0.010" errors="0">
  <testcase name="testGit" time="0.010" classname="gitTest.myGitTest"/>
</testsuite> <!-- gitTest.myGitTest -->
